# JRE version: Java(TM) SE Runtime Environment (8.0_91-b14) (build 1.8.0_91-b14)
# Java VM: Java HotSpot(TM) 64-Bit Server VM (25.91-b14 mixed mode bsd-amd64 compressed oops)
Heap:
 PSYoungGen      total 190976K, used 110105K [0x000000076ab00000, 0x0000000777400000, 0x00000007c0000000)
  eden space 180224K, 61% used [0x000000076ab00000,0x0000000771686570,0x0000000775b00000)
  from space 10752K, 0% used [0x0000000776580000,0x0000000776580000,0x0000000777000000)
  to   space 10752K, 0% used [0x0000000775b00000,0x0000000775b00000,0x0000000776580000)
 ParOldGen       total 207872K, used 26651K [0x00000006c0000000, 0x00000006ccb00000, 0x000000076ab00000)
  object space 207872K, 12% used [0x00000006c0000000,0x00000006c1a06fe8,0x00000006ccb00000)
 Metaspace       used 42267K, capacity 42680K, committed 42928K, reserved 1087488K
  class space    used 5180K, capacity 5268K, committed 5296K, reserved 1048576K
GC Heap History (10 events):
Event: 1.156 GC heap before
{Heap before GC invocations=2 (full 0):
 PSYoungGen      total 76288K, used 73415K [0x000000076ab00000, 0x0000000774000000, 0x00000007c0000000)
  eden space 65536K, 95% used [0x000000076ab00000,0x000000076e839780,0x000000076eb00000)
  from space 10752K, 99% used [0x000000076eb00000,0x000000076f578830,0x000000076f580000)
  to   space 10752K, 0% used [0x0000000773580000,0x0000000773580000,0x0000000774000000)
 ParOldGen       total 175104K, used 677K [0x00000006c0000000, 0x00000006cab00000, 0x000000076ab00000)
  object space 175104K, 0% used [0x00000006c0000000,0x00000006c00a9518,0x00000006cab00000)
 Metaspace       used 21009K, capacity 21226K, committed 21296K, reserved 1069056K
  class space    used 2493K, capacity 2566K, committed 2608K, reserved 1048576K
Event: 1.165 GC heap after
Heap after GC invocations=2 (full 0):
 PSYoungGen      total 141824K, used 9951K [0x000000076ab00000, 0x0000000774000000, 0x00000007c0000000)
  eden space 131072K, 0% used [0x000000076ab00000,0x000000076ab00000,0x0000000772b00000)
  from space 10752K, 92% used [0x0000000773580000,0x0000000773f37c80,0x0000000774000000)
  to   space 10752K, 0% used [0x0000000772b00000,0x0000000772b00000,0x0000000773580000)
 ParOldGen       total 175104K, used 693K [0x00000006c0000000, 0x00000006cab00000, 0x000000076ab00000)
  object space 175104K, 0% used [0x00000006c0000000,0x00000006c00ad518,0x00000006cab00000)
 Metaspace       used 21009K, capacity 21226K, committed 21296K, reserved 1069056K
  class space    used 2493K, capacity 2566K, committed 2608K, reserved 1048576K
}
Event: 1.165 GC heap before
{Heap before GC invocations=3 (full 1):
 PSYoungGen      total 141824K, used 9951K [0x000000076ab00000, 0x0000000774000000, 0x00000007c0000000)
  eden space 131072K, 0% used [0x000000076ab00000,0x000000076ab00000,0x0000000772b00000)
  from space 10752K, 92% used [0x0000000773580000,0x0000000773f37c80,0x0000000774000000)
  to   space 10752K, 0% used [0x0000000772b00000,0x0000000772b00000,0x0000000773580000)
 ParOldGen       total 175104K, used 693K [0x00000006c0000000, 0x00000006cab00000, 0x000000076ab00000)
  object space 175104K, 0% used [0x00000006c0000000,0x00000006c00ad518,0x00000006cab00000)
 Metaspace       used 21009K, capacity 21226K, committed 21296K, reserved 1069056K
  class space    used 2493K, capacity 2566K, committed 2608K, reserved 1048576K
Event: 1.193 GC heap after
Heap after GC invocations=3 (full 1):
 PSYoungGen      total 141824K, used 0K [0x000000076ab00000, 0x0000000774000000, 0x00000007c0000000)
  eden space 131072K, 0% used [0x000000076ab00000,0x000000076ab00000,0x0000000772b00000)
  from space 10752K, 0% used [0x0000000773580000,0x0000000773580000,0x0000000774000000)
  to   space 10752K, 0% used [0x0000000772b00000,0x0000000772b00000,0x0000000773580000)
 ParOldGen       total 115712K, used 9690K [0x00000006c0000000, 0x00000006c7100000, 0x000000076ab00000)
  object space 115712K, 8% used [0x00000006c0000000,0x00000006c09768f0,0x00000006c7100000)
 Metaspace       used 21009K, capacity 21226K, committed 21296K, reserved 1069056K
  class space    used 2493K, capacity 2566K, committed 2608K, reserved 1048576K
}
Event: 2.330 GC heap before
{Heap before GC invocations=4 (full 1):
 PSYoungGen      total 141824K, used 131072K [0x000000076ab00000, 0x0000000774000000, 0x00000007c0000000)
  eden space 131072K, 100% used [0x000000076ab00000,0x0000000772b00000,0x0000000772b00000)
  from space 10752K, 0% used [0x0000000773580000,0x0000000773580000,0x0000000774000000)
  to   space 10752K, 0% used [0x0000000772b00000,0x0000000772b00000,0x0000000773580000)
 ParOldGen       total 115712K, used 9690K [0x00000006c0000000, 0x00000006c7100000, 0x000000076ab00000)
  object space 115712K, 8% used [0x00000006c0000000,0x00000006c09768f0,0x00000006c7100000)
 Metaspace       used 31307K, capacity 31666K, committed 31920K, reserved 1077248K
  class space    used 3820K, capacity 3937K, committed 4016K, reserved 1048576K
Event: 2.343 GC heap after
Heap after GC invocations=4 (full 1):
 PSYoungGen      total 141824K, used 10734K [0x000000076ab00000, 0x0000000777000000, 0x00000007c0000000)
  eden space 131072K, 0% used [0x000000076ab00000,0x000000076ab00000,0x0000000772b00000)
  from space 10752K, 99% used [0x0000000772b00000,0x000000077357bbe0,0x0000000773580000)
  to   space 10752K, 0% used [0x0000000776580000,0x0000000776580000,0x0000000777000000)
 ParOldGen       total 115712K, used 16696K [0x00000006c0000000, 0x00000006c7100000, 0x000000076ab00000)
  object space 115712K, 14% used [0x00000006c0000000,0x00000006c104e018,0x00000006c7100000)
 Metaspace       used 31307K, capacity 31666K, committed 31920K, reserved 1077248K
  class space    used 3820K, capacity 3937K, committed 4016K, reserved 1048576K
}
Event: 3.018 GC heap before
{Heap before GC invocations=5 (full 1):
 PSYoungGen      total 141824K, used 104738K [0x000000076ab00000, 0x0000000777000000, 0x00000007c0000000)
  eden space 131072K, 71% used [0x000000076ab00000,0x00000007706ccd50,0x0000000772b00000)
  from space 10752K, 99% used [0x0000000772b00000,0x000000077357bbe0,0x0000000773580000)
  to   space 10752K, 0% used [0x0000000776580000,0x0000000776580000,0x0000000777000000)
 ParOldGen       total 115712K, used 16696K [0x00000006c0000000, 0x00000006c7100000, 0x000000076ab00000)
  object space 115712K, 14% used [0x00000006c0000000,0x00000006c104e018,0x00000006c7100000)
 Metaspace       used 34957K, capacity 35320K, committed 35496K, reserved 1081344K
  class space    used 4256K, capacity 4370K, committed 4400K, reserved 1048576K
Event: 3.034 GC heap after
Heap after GC invocations=5 (full 1):
 PSYoungGen      total 190976K, used 10741K [0x000000076ab00000, 0x0000000777400000, 0x00000007c0000000)
  eden space 180224K, 0% used [0x000000076ab00000,0x000000076ab00000,0x0000000775b00000)
  from space 10752K, 99% used [0x0000000776580000,0x0000000776ffd630,0x0000000777000000)
  to   space 10752K, 0% used [0x0000000775b00000,0x0000000775b00000,0x0000000776580000)
 ParOldGen       total 115712K, used 25356K [0x00000006c0000000, 0x00000006c7100000, 0x000000076ab00000)
  object space 115712K, 21% used [0x00000006c0000000,0x00000006c18c3338,0x00000006c7100000)
 Metaspace       used 34957K, capacity 35320K, committed 35496K, reserved 1081344K
  class space    used 4256K, capacity 4370K, committed 4400K, reserved 1048576K
}
Event: 3.034 GC heap before
{Heap before GC invocations=6 (full 2):
 PSYoungGen      total 190976K, used 10741K [0x000000076ab00000, 0x0000000777400000, 0x00000007c0000000)
  eden space 180224K, 0% used [0x000000076ab00000,0x000000076ab00000,0x0000000775b00000)
  from space 10752K, 99% used [0x0000000776580000,0x0000000776ffd630,0x0000000777000000)
  to   space 10752K, 0% used [0x0000000775b00000,0x0000000775b00000,0x0000000776580000)
 ParOldGen       total 115712K, used 25356K [0x00000006c0000000, 0x00000006c7100000, 0x000000076ab00000)
  object space 115712K, 21% used [0x00000006c0000000,0x00000006c18c3338,0x00000006c7100000)
 Metaspace       used 34957K, capacity 35320K, committed 35496K, reserved 1081344K
  class space    used 4256K, capacity 4370K, committed 4400K, reserved 1048576K
Event: 3.089 GC heap after
Heap after GC invocations=6 (full 2):
 PSYoungGen      total 190976K, used 0K [0x000000076ab00000, 0x0000000777400000, 0x00000007c0000000)
  eden space 180224K, 0% used [0x000000076ab00000,0x000000076ab00000,0x0000000775b00000)
  from space 10752K, 0% used [0x0000000776580000,0x0000000776580000,0x0000000777000000)
  to   space 10752K, 0% used [0x0000000775b00000,0x0000000775b00000,0x0000000776580000)
 ParOldGen       total 207872K, used 26651K [0x00000006c0000000, 0x00000006ccb00000, 0x000000076ab00000)
  object space 207872K, 12% used [0x00000006c0000000,0x00000006c1a06fe8,0x00000006ccb00000)
 Metaspace       used 34957K, capacity 35320K, committed 35496K, reserved 1081344K
  class space    used 4256K, capacity 4370K, committed 4400K, reserved 1048576K
}

